wazuh-alerts-4.x-2025.11.14,XdZagZoBBFAMeJ5sPfjQ,1,1,192.168.0.216,DESKTOP-MHRV979,001,Ubuntu, , , , , , , , , , , , , ,1,false,7, , , ,SessionEnv was unavailable to handle a critical notification event.,"[""windows"",""windows_application""]",60776, , , ,windows_eventchannel,log,"Nov 14, 2025 @ 01:52:39.005",EventChannel,1763106759.128862,"Nov 14, 2025 @ 01:52:39.005",SessionEnv,6003,Wlclntfy,0x80000000000000,{DBE9B383-7CF3-4331-91CC-A3CB16A3B538},4,Application,0,"""The winlogon notification subscriber <SessionEnv> was unavailable to handle a critical notification event.""",0,2025-11-14T13:52:24.1700338Z,2196,0,DESKTOP-MHRV979,0,0,INFORMATION,Microsoft-Windows-Winlogon, , , , , , , , , , , , , , , , , , , , , , , , , , , , , , , , , , , , , , , , , , , , , , , , , , , , , ,D9060000, , , , , 
wazuh-alerts-4.x-2025.11.14,X9ZagZoBBFAMeJ5sPfjQ,1,1,192.168.0.216,DESKTOP-MHRV979,001,Ubuntu, , , , , , , , , , , , , ,1,false,3,"[""10.2.5""]","[""CC6.8"",""CC7.2"",""CC7.3""]", ,Windows Workstation Logon Success,"[""windows"",""windows_security"",""authentication_success""]",60118, ,"[""AU.14"",""AC.9""]","[""IV_32.2""]",windows_eventchannel,log,"Nov 14, 2025 @ 01:52:39.140",EventChannel,1763106759.131921,"Nov 14, 2025 @ 01:52:39.140", ,4624, ,0x8020000000000000,{54849625-5478-4994-a5ba-3e3b0328c30d},0,Security,0,"""An account was successfully logged on.

Subject:
	Security ID:		S-1-5-18
	Account Name:		DESKTOP-MHRV979$
	Account Domain:		WORKGROUP
	Logon ID:		0x3E7

Logon Information:
	Logon Type:		2
	Restricted Admin Mode:	-
	Virtual Account:		No
	Elevated Token:		Yes

Impersonation Level:		Impersonation

New Logon:
	Security ID:		S-1-5-21-355707830-1189791961-1431070526-1002
	Account Name:		Chris
	Account Domain:		DESKTOP-MHRV979
	Logon ID:		0x8F646
	Linked Logon ID:		0x8F672
	Network Account Name:	-
	Network Account Domain:	-
	Logon GUID:		{00000000-0000-0000-0000-000000000000}

Process Information:
	Process ID:		0x3f0
	Process Name:		C:\Windows\System32\svchost.exe

Network Information:
	Workstation Name:	DESKTOP-MHRV979
	Source Network Address:	127.0.0.1
	Source Port:		0

Detailed Authentication Information:
	Logon Process:		User32 
	Authentication Package:	Negotiate
	Transited Services:	-
	Package Name (NTLM only):	-
	Key Length:		0

This event is generated when a logon session is created. It is generated on the computer that was accessed.

The subject fields indicate the account on the local system which requested the logon. This is most commonly a service such as the Server service, or a local process such as Winlogon.exe or Services.exe.

The logon type field indicates the kind of logon that occurred. The most common types are 2 (interactive) and 3 (network).

The New Logon fields indicate the account for whom the new logon was created, i.e. the account that was logged on.

The network fields indicate where a remote logon request originated. Workstation name is not always available and may be left blank in some cases.

The impersonation level field indicates the extent to which a process in the logon session can impersonate.

The authentication information fields provide detailed information about this specific logon request.
	- Logon GUID is a unique identifier that can be used to correlate this event with a KDC event.
	- Transited services indicate which intermediate services have participated in this logon request.
	- Package name indicates which sub-protocol was used among the NTLM protocols.
	- Key length indicates the length of the generated session key. This will be 0 if no session key was requested.""",2,2025-11-14T13:52:24.1652744Z,36184,644,DESKTOP-MHRV979,12544,592,AUDIT_SUCCESS,Microsoft-Windows-Security-Auditing,0x3e7,S-1-5-18,WORKGROUP, ,DESKTOP-MHRV979$,"[""Valid Accounts""]","[""T1078""]","[""Defense Evasion"",""Persistence"",""Privilege Escalation"",""Initial Access""]", , , , ,"[""164.312.b""]", , , , , ,"[""7.1"",""7.2""]", , , , , , , , , , , , , ,0x8f672,%%1833,127.0.0.1,Negotiate,DESKTOP-MHRV979,0x8f646,User32,{00000000-0000-0000-0000-000000000000},Chris,0,%%1842,0x3f0,C:\\Windows\\System32\\svchost.exe,0,DESKTOP-MHRV979,S-1-5-21-355707830-1189791961-1431070526-1002,%%1843,2, , , , , , , , , 
wazuh-alerts-4.x-2025.11.14,WNZZgZoBBFAMeJ5s3Pgn,1,1,192.168.0.216,DESKTOP-MHRV979,001,Ubuntu, , , , , , , , , , , , , ,1,false,3,"[""10.6.1"",""10.2.6""]","[""CC7.2"",""CC7.3"",""CC6.8""]", ,Wazuh agent started.,"[""ossec""]",503, ,"[""AU.6"",""AU.14"",""AU.5""]","[""IV_35.7.d""]",ossec,log,"Nov 14, 2025 @ 01:52:13.869",wazuh-agent,1763106733.117893,"Nov 14, 2025 @ 01:52:13.869", , , , , , , , , , , , , , , , , , , , , , , , , , , , , , ,"[""164.312.b""]", , , , , ,"[""10.1""]", , , , , , , , , ,DESKTOP-MHRV979->any,ossec,ossec: Agent started: 'DESKTOP-MHRV979->any'., , , , , , , , , , , , , , , , , , , , , , , , , , , , 
wazuh-alerts-4.x-2025.11.14,WtZZgZoBBFAMeJ5s3Pgn,1,1,192.168.0.216,DESKTOP-MHRV979,001,Ubuntu, , , , , , , , , , , , , ,1,false,3, , , ,The database engine attached a database.,"[""windows"",""windows_application""]",60798, , , ,windows_eventchannel,log,"Nov 14, 2025 @ 01:52:14.127",EventChannel,1763106734.119507,"Nov 14, 2025 @ 01:52:14.127","SearchIndexer, 2292,D,50, Windows:, 1, C:\\ProgramData\\Microsoft\\Search\\Data\\Applications\\Windows\\Windows.edb, 0,  [1] 0.000001 +J(0) [2] 0.000601 +J(0) +M(C:0K, Fs:24, WS:32K # 0K, PF:32K # 0K, P:32K) [3] 0.034522 -0.031316 (3) WT +J(CM:0, PgRf:0, Rd:0/0, Dy:0/0, Lg:3480/2) +M(C:0K, Fs:17, WS:36K # 0K, PF:20K # 0K, P:20K) [4] 0.000044 +J(0) [5] - [6] - [7] - [8] 0.000594 -0.000463 (2) CM +J(CM:2, PgRf:2, Rd:14/2, Dy:0/0, Lg:54/1) +M(C:0K, Fs:22, WS:88K # 0K, PF:532K # 0K, P:532K) [9] 0.058978 -0.000045 (5) CM -0.058810 (3) WT +J(CM:5, PgRf:23, Rd:0/5, Dy:0/0, Lg:0/0) +M(C:0K, Fs:65, WS:260K # 0K, PF:224K # 0K, P:224K) [10] 0.000086 -0.000026 (1) CM +J(CM:1, PgRf:40, Rd:0/1, Dy:0/0, Lg:0/0) +M(C:0K, Fs:10, WS:40K # 0K, PF:96K # 0K, P:96K) [11] 0.000011 +J(CM:0, PgRf:1, Rd:0/0, Dy:0/0, Lg:0/0) +M(C:0K, Fs:2, WS:8K # 0K, PF:0K # 0K, P:0K) [12] 0.000132 +J(CM:0, PgRf:42, Rd:0/0, Dy:0/0, Lg:0/0) +M(C:0K, Fs:3, WS:12K # 0K, PF:0K # 0K, P:0K) [13] 0.0 +J(0) [14] 0.0 +J(0) [15] 0.000002 +J(CM:0, PgRf:1, Rd:0/0, Dy:0/0, Lg:0/0)., 0 0, lgposAttach = 0000000C:008E:0268, dbv = 1568.110.240",326, ,0x80000000000000, ,4,Application,0,"""SearchIndexer (2292,D,50) Windows: The database engine attached a database (1, C:\ProgramData\Microsoft\Search\Data\Applications\Windows\Windows.edb). (Time=0 seconds) 
 
Saved Cache: 0 0 
Additional Data: lgposAttach = 0000000C:008E:0268,
dbv = 1568.110.240 
 
Internal Timing Sequence: 
[1] 0.000001 +J(0)
[2] 0.000601 +J(0) +M(C:0K, Fs:24, WS:32K # 0K, PF:32K # 0K, P:32K)
[3] 0.034522 -0.031316 (3) WT +J(CM:0, PgRf:0, Rd:0/0, Dy:0/0, Lg:3480/2) +M(C:0K, Fs:17, WS:36K # 0K, PF:20K # 0K, P:20K)
[4] 0.000044 +J(0)
[5] -
[6] -
[7] -
[8] 0.000594 -0.000463 (2) CM +J(CM:2, PgRf:2, Rd:14/2, Dy:0/0, Lg:54/1) +M(C:0K, Fs:22, WS:88K # 0K, PF:532K # 0K, P:532K)
[9] 0.058978 -0.000045 (5) CM -0.058810 (3) WT +J(CM:5, PgRf:23, Rd:0/5, Dy:0/0, Lg:0/0) +M(C:0K, Fs:65, WS:260K # 0K, PF:224K # 0K, P:224K)
[10] 0.000086 -0.000026 (1) CM +J(CM:1, PgRf:40, Rd:0/1, Dy:0/0, Lg:0/0) +M(C:0K, Fs:10, WS:40K # 0K, PF:96K # 0K, P:96K)
[11] 0.000011 +J(CM:0, PgRf:1, Rd:0/0, Dy:0/0, Lg:0/0) +M(C:0K, Fs:2, WS:8K # 0K, PF:0K # 0K, P:0K)
[12] 0.000132 +J(CM:0, PgRf:42, Rd:0/0, Dy:0/0, Lg:0/0) +M(C:0K, Fs:3, WS:12K # 0K, PF:0K # 0K, P:0K)
[13] 0.0 +J(0)
[14] 0.0 +J(0)
[15] 0.000002 +J(CM:0, PgRf:1, Rd:0/0, Dy:0/0, Lg:0/0).""",0,2025-11-14T13:52:12.2255894Z,2187,0,DESKTOP-MHRV979,1,0,INFORMATION,ESENT, , , , , , , , , , , , , , , , , , , , , , , , , , , , , , , , , , , , , , , , , , , , , , , , , , , , , , , , , , , 
wazuh-alerts-4.x-2025.11.14,btZjgZoBBFAMeJ5sUvhp,1,1,192.168.0.216,DESKTOP-MHRV979,001,Ubuntu,1935893949,not applicable,"To establish the recommended configuration via GP, set the following UI path to 24 or more password(s): Computer Configuration\Policies\Windows Settings\Security Settings\Account Policies\Password Policy\Enforce password history","Timeout overtaken running command 'powershell secedit /export /cfg $env:TEMP\secpol.cfg; Get-Content $env:TEMP\secpol.cfg | Select-String ""PasswordHistorySize""; Remove-Item $env:TEMP\secpol.cfg'",5.2,1.1.1,"This policy setting determines the number of renewed, unique passwords that have to be associated with a user account before you can reuse an old password. The value for this policy setting must be between 0 and 24 passwords. The default value for Windows Vista is 0 passwords, but the default setting in a domain is 24 passwords. To maintain the effectiveness of this policy setting, use the Minimum password age setting to prevent users from repeatedly changing their password. The recommended state for this setting is: 24 or more password(s). Note: Password Policy settings (section 1.1) and Account Lockout Policy settings (section 1.2) must be applied via the Default Domain Policy GPO in order to be globally in effect on domain user accounts as their default behavior. If these settings are configured in another GPO, they will only affect local user accounts on the computers that receive the GPO. However, custom exceptions to the default password policy and account lockout policy rules for specific domain users and/or groups can be defined using Password Settings Objects (PSOs), which are completely separate from Group Policy and most easily configured using Active Directory Administrative Center. Note #2: As of the publication of this benchmark, Microsoft currently has a maximum limit of 24 saved passwords. For more information, please visit Enforce password history (Windows 10) - Windows security | Microsoft Docs",15500,Ensure 'Enforce password history' is set to '24 or more password(s)'.,"The longer a user uses the same password, the greater the chance that an attacker can determine the password through brute force attacks. Also, any accounts that may have been compromised will remain exploitable for as long as the password is left unchanged. If password changes are required but password reuse is not prevented, or if users continually reuse a small number of passwords, the effectiveness of a good password policy is greatly reduced. If you specify a low number for this policy setting, users will be able to use the same small number of passwords repeatedly. If you do not also configure the Minimum password age setting, users might repeatedly change their passwords until they can reuse their original password.","[""powershell secedit /export /cfg $env:TEMP\\secpol.cfg; Get-Content $env:TEMP\\secpol.cfg | Select-String \""PasswordHistorySize\""; Remove-Item $env:TEMP\\secpol.cfg""]",check,CIS Microsoft Windows 10 Enterprise Benchmark v1.12.0,1,false,3,"[""2.2""]","[""CC7.1"",""CC7.2""]","[""5.2""]",CIS Microsoft Windows 10 Enterprise Benchmark v1.12.0: Ensure 'Enforce password history' is set to '24 or more password(s)'.,"[""sca""]",19009,"[""1.1.1""]","[""CM.1""]","[""IV_35.7.d""]",sca,log,"Nov 14, 2025 @ 02:02:32.092",sca,1763107352.173918,"Nov 14, 2025 @ 02:02:32.092", , , , , , , , , , , , , , , , , , , , , , , , , , , , , , , , , , , , , , , , , , , , , , , , , , , , , , , , , , , , , , , , , , , , , , , , , , , , , 
wazuh-alerts-4.x-2025.11.14,KtYDgZoBBFAMeJ5s2fhZ,1,1,192.168.0.216,DESKTOP-MHRV979,001,Ubuntu, , , , , , , , , , , , , ,2,false,3,"[""10.6""]","[""CC6.1"",""CC6.8"",""CC7.2"",""CC7.3""]", ,Service startup type was changed,"[""windows"",""windows_system"",""policy_changed""]",61104, ,"[""AU.6""]","[""IV_35.7.d""]",windows_eventchannel,log,"Nov 14, 2025 @ 00:18:15.218",EventChannel,1763101095.115710,"Nov 14, 2025 @ 00:18:15.218", ,7040,Service Control Manager,0x8080000000000000,{555908d1-a6d7-4695-8e1e-26931d2012f4},4,System,0,"""The start type of the Background Intelligent Transfer Service service was changed from auto start to demand start.""",0,2025-11-14T12:18:12.9728401Z,2243,4332,DESKTOP-MHRV979,0,572,INFORMATION,Service Control Manager, , , , , , , , ,demand start,BITS,Background Intelligent Transfer Service,auto start,"[""164.312.b""]",This does not appear to be logged on Windows 2000, , , , , , , , , , , , , , , , , , , , , , , , , , , , , , , , , , , , , , , , , , , , , 
wazuh-alerts-4.x-2025.11.14,KdYBgZoBBFAMeJ5s8PjQ,1,1,192.168.0.216,DESKTOP-MHRV979,001,Ubuntu, , , , , , , , , , , , , ,1,false,3,"[""10.6""]","[""CC6.1"",""CC6.8"",""CC7.2"",""CC7.3""]", ,Service startup type was changed,"[""windows"",""windows_system"",""policy_changed""]",61104, ,"[""AU.6""]","[""IV_35.7.d""]",windows_eventchannel,log,"Nov 14, 2025 @ 00:16:08.509",EventChannel,1763100968.113879,"Nov 14, 2025 @ 00:16:08.509", ,7040,Service Control Manager,0x8080000000000000,{555908d1-a6d7-4695-8e1e-26931d2012f4},4,System,0,"""The start type of the Background Intelligent Transfer Service service was changed from demand start to auto start.""",0,2025-11-14T12:16:06.2574067Z,2242,4332,DESKTOP-MHRV979,0,572,INFORMATION,Service Control Manager, , , , , , , , ,auto start,BITS,Background Intelligent Transfer Service,demand start,"[""164.312.b""]",This does not appear to be logged on Windows 2000, , , , , , , , , , , , , , , , , , , , , , , , , , , , , , , , , , , , , , , , , , , , , 
wazuh-alerts-4.x-2025.11.14,FdblgJoBBFAMeJ5s7vhq,1,1,192.168.0.216,DESKTOP-MHRV979,001,Ubuntu, , , , , , , , , , , , , ,1,false,5, , , ,Name resolution for the name 60.205.201.74.in-addr.arpa. timed out,"[""windows"",""windows_system""]",61109, , , ,windows_eventchannel,log,"Nov 13, 2025 @ 23:45:40.207",EventChannel,1763099140.105753,"Nov 13, 2025 @ 23:45:40.207", ,1014, ,0x4000000010000000,{1c95126e-7eea-49a9-a3fe-a378b03ddb4d},3,System,0,"""Name resolution for the name 60.205.201.74.in-addr.arpa. timed out after none of the configured DNS servers responded.""",0,2025-11-14T11:45:37.9047261Z,2238,6408,DESKTOP-MHRV979,1014,1136,WARNING,Microsoft-Windows-DNS-Client, , , , , , , , , , , , , , , , , , , , , , , , , , , , , , , , , , , , , , , , , , , , , , , , , , , , , , ,128,170000000000000020010578003F000000000000000000300000000000000000000000000000000000000000000000000000000000000000000000000000000000000000000000000000000000000000000000000000000000000000000000000000000000000000000000000000000000000000000000000000000000000000,60.205.201.74.in-addr.arpa., , 
wazuh-alerts-4.x-2025.11.14,b9ZjgZoBBFAMeJ5stPgW,1,1,192.168.0.216,DESKTOP-MHRV979,001,Ubuntu, , , , , , , , , , , , , ,1,false,3, , , ,Software protection service scheduled successfully.,"[""windows"",""windows_application""]",60642, , , ,windows_eventchannel,log,"Nov 14, 2025 @ 02:03:03.115",EventChannel,1763107383.180781,"Nov 14, 2025 @ 02:03:03.115","2025-11-15T13:52:01Z, RulesEngine",16384,Software Protection Platform Service,0x80000000000000,{E23B33B0-C8C9-472C-A5F9-F2BDFEA0F156},4,Application,0,"""Successfully scheduled Software Protection service for re-start at 2025-11-15T13:52:01Z. Reason: RulesEngine.""",0,2025-11-14T14:03:01.2524769Z,2212,0,DESKTOP-MHRV979,0,0,INFORMATION,Microsoft-Windows-Security-SPP, , , , , , , , , , , , , , , , , , , , , , , , , , , , , , , , , , , , , , , , , , , , , , , , , , , , , , , , , , , 
wazuh-alerts-4.x-2025.11.14,FtbpgJoBBFAMeJ5sXfiv,1,1,192.168.0.216,DESKTOP-MHRV979,001,Ubuntu, , , , , , , , , , , , , ,5,false,3, , , ,Software protection service scheduled successfully.,"[""windows"",""windows_application""]",60642, , , ,windows_eventchannel,log,"Nov 13, 2025 @ 23:49:25.790",EventChannel,1763099365.107853,"Nov 13, 2025 @ 23:49:25.790","2025-11-15T11:39:24Z, RulesEngine",16384,Software Protection Platform Service,0x80000000000000,{E23B33B0-C8C9-472C-A5F9-F2BDFEA0F156},4,Application,0,"""Successfully scheduled Software Protection service for re-start at 2025-11-15T11:39:24Z. Reason: RulesEngine.""",0,2025-11-14T11:49:24.4923990Z,2173,0,DESKTOP-MHRV979,0,0,INFORMATION,Microsoft-Windows-Security-SPP, , , , , , , , , , , , , , , , , , , , , , , , , , , , , , , , , , , , , , , , , , , , , , , , , , , , , , , , , , , 
wazuh-alerts-4.x-2025.11.14,Y9ZagZoBBFAMeJ5sn_h7,1,1,192.168.0.216,DESKTOP-MHRV979,001,Ubuntu, , , , , , , , , , , , , ,1,false,3, , , ,Software protection service scheduled successfully.,"[""windows"",""windows_application""]",60642, , , ,windows_eventchannel,log,"Nov 14, 2025 @ 01:53:09.013",EventChannel,1763106789.152773,"Nov 14, 2025 @ 01:53:09.013","2025-11-15T13:52:05Z, RulesEngine",16384,Software Protection Platform Service,0x80000000000000,{E23B33B0-C8C9-472C-A5F9-F2BDFEA0F156},4,Application,0,"""Successfully scheduled Software Protection service for re-start at 2025-11-15T13:52:05Z. Reason: RulesEngine.""",0,2025-11-14T13:53:05.9253235Z,2200,0,DESKTOP-MHRV979,0,0,INFORMATION,Microsoft-Windows-Security-SPP, , , , , , , , , , , , , , , , , , , , , , , , , , , , , , , , , , , , , , , , , , , , , , , , , , , , , , , , , , , 
wazuh-alerts-4.x-2025.11.14,BdbggJoBBFAMeJ5sZPgJ,1,1,192.168.0.216,DESKTOP-MHRV979,001,Ubuntu, , , , , , , , , , , , , ,1,false,5, , , ,SessionEnv was unavailable to handle a notification event.,"[""windows"",""windows_application""]",60775, , , ,windows_eventchannel,log,"Nov 13, 2025 @ 23:39:38.373",EventChannel,1763098778.72153,"Nov 13, 2025 @ 23:39:38.373",SessionEnv,6000,Wlclntfy,0x80000000000000,{DBE9B383-7CF3-4331-91CC-A3CB16A3B538},4,Application,0,"""The winlogon notification subscriber <SessionEnv> was unavailable to handle a notification event.""",0,2025-11-14T11:39:37.0616811Z,2158,0,DESKTOP-MHRV979,0,0,INFORMATION,Microsoft-Windows-Winlogon, , , , , , , , , , , , , , , , , , , , , , , , , , , , , , , , , , , , , , , , , , , , , , , , , , , , , ,D9060000, , , , , 
wazuh-alerts-4.x-2025.11.14,B9bggJoBBFAMeJ5sZ_ja,1,1,192.168.0.216,DESKTOP-MHRV979,001,Ubuntu, , , , , , , , , , , , , ,2,false,3,"[""10.2.5""]","[""CC6.8"",""CC7.2"",""CC7.3""]", ,Windows Workstation Logon Success,"[""windows"",""windows_security"",""authentication_success""]",60118, ,"[""AU.14"",""AC.9""]","[""IV_32.2""]",windows_eventchannel,log,"Nov 13, 2025 @ 23:39:39.138",EventChannel,1763098779.81396,"Nov 13, 2025 @ 23:39:39.138", ,4624, ,0x8020000000000000,{54849625-5478-4994-a5ba-3e3b0328c30d},0,Security,0,"""An account was successfully logged on.

Subject:
	Security ID:		S-1-5-18
	Account Name:		DESKTOP-MHRV979$
	Account Domain:		WORKGROUP
	Logon ID:		0x3E7

Logon Information:
	Logon Type:		2
	Restricted Admin Mode:	-
	Virtual Account:		No
	Elevated Token:		No

Impersonation Level:		Impersonation

New Logon:
	Security ID:		S-1-5-21-355707830-1189791961-1431070526-1002
	Account Name:		Chris
	Account Domain:		DESKTOP-MHRV979
	Logon ID:		0xB59CE
	Linked Logon ID:		0xB59A1
	Network Account Name:	-
	Network Account Domain:	-
	Logon GUID:		{00000000-0000-0000-0000-000000000000}

Process Information:
	Process ID:		0x3dc
	Process Name:		C:\Windows\System32\svchost.exe

Network Information:
	Workstation Name:	DESKTOP-MHRV979
	Source Network Address:	127.0.0.1
	Source Port:		0

Detailed Authentication Information:
	Logon Process:		User32 
	Authentication Package:	Negotiate
	Transited Services:	-
	Package Name (NTLM only):	-
	Key Length:		0

This event is generated when a logon session is created. It is generated on the computer that was accessed.

The subject fields indicate the account on the local system which requested the logon. This is most commonly a service such as the Server service, or a local process such as Winlogon.exe or Services.exe.

The logon type field indicates the kind of logon that occurred. The most common types are 2 (interactive) and 3 (network).

The New Logon fields indicate the account for whom the new logon was created, i.e. the account that was logged on.

The network fields indicate where a remote logon request originated. Workstation name is not always available and may be left blank in some cases.

The impersonation level field indicates the extent to which a process in the logon session can impersonate.

The authentication information fields provide detailed information about this specific logon request.
	- Logon GUID is a unique identifier that can be used to correlate this event with a KDC event.
	- Transited services indicate which intermediate services have participated in this logon request.
	- Package name indicates which sub-protocol was used among the NTLM protocols.
	- Key length indicates the length of the generated session key. This will be 0 if no session key was requested.""",2,2025-11-14T11:39:36.6436194Z,35289,636,DESKTOP-MHRV979,12544,580,AUDIT_SUCCESS,Microsoft-Windows-Security-Auditing,0x3e7,S-1-5-18,WORKGROUP, ,DESKTOP-MHRV979$,"[""Valid Accounts""]","[""T1078""]","[""Defense Evasion"",""Persistence"",""Privilege Escalation"",""Initial Access""]", , , , ,"[""164.312.b""]", , , , , ,"[""7.1"",""7.2""]", , , , , , , , , , , , , ,0xb59a1,%%1833,127.0.0.1,Negotiate,DESKTOP-MHRV979,0xb59ce,User32,{00000000-0000-0000-0000-000000000000},Chris,0,%%1843,0x3dc,C:\\Windows\\System32\\svchost.exe,0,DESKTOP-MHRV979,S-1-5-21-355707830-1189791961-1431070526-1002,%%1843,2, , , , , , , , , 
wazuh-alerts-4.x-2025.11.14,CNbggJoBBFAMeJ5sZ_ja,1,1,192.168.0.216,DESKTOP-MHRV979,001,Ubuntu, , , , , , , , , , , , , ,1,false,3, , , ,Special privileges assigned to new logon.,"[""windows"","" WEF""]",67028, , , ,windows_eventchannel,log,"Nov 13, 2025 @ 23:39:39.150",EventChannel,1763098779.89122,"Nov 13, 2025 @ 23:39:39.150", ,4672, ,0x8020000000000000,{54849625-5478-4994-a5ba-3e3b0328c30d},0,Security,0,"""Special privileges assigned to new logon.

Subject:
	Security ID:		S-1-5-21-355707830-1189791961-1431070526-1002
	Account Name:		Chris
	Account Domain:		DESKTOP-MHRV979
	Logon ID:		0xB59A1

Privileges:		SeSecurityPrivilege
			SeTakeOwnershipPrivilege
			SeLoadDriverPrivilege
			SeBackupPrivilege
			SeRestorePrivilege
			SeDebugPrivilege
			SeSystemEnvironmentPrivilege
			SeImpersonatePrivilege
			SeDelegateSessionUserImpersonatePrivilege""",0,2025-11-14T11:39:36.6436225Z,35290,636,DESKTOP-MHRV979,12548,580,AUDIT_SUCCESS,Microsoft-Windows-Security-Auditing,0xb59a1,S-1-5-21-355707830-1189791961-1431070526-1002,DESKTOP-MHRV979,SeSecurityPrivilege     SeTakeOwnershipPrivilege     SeLoadDriverPrivilege     SeBackupPrivilege     SeRestorePrivilege     SeDebugPrivilege     SeSystemEnvironmentPrivilege     SeImpersonatePrivilege     SeDelegateSessionUserImpersonatePrivilege,Chris,"[""Domain Policy Modification""]","[""T1484""]","[""Defense Evasion"",""Privilege Escalation""]", , , , , , , , , , , , , , , , , , , , , , , , , , , , , , , , , , , , , , , , , , , , , , , , , , , 
wazuh-alerts-4.x-2025.11.14,DtbigJoBBFAMeJ5sY_jw,1,1,192.168.0.216,DESKTOP-MHRV979,001,Ubuntu, , , , , , , , , , , , , ,1,false,3,"[""10.6""]","[""CC6.1"",""CC6.8"",""CC7.2"",""CC7.3""]", ,Service startup type was changed,"[""windows"",""windows_system"",""policy_changed""]",61104, ,"[""AU.6""]","[""IV_35.7.d""]",windows_eventchannel,log,"Nov 13, 2025 @ 23:41:46.142",EventChannel,1763098906.97702,"Nov 13, 2025 @ 23:41:46.142", ,7040,Service Control Manager,0x8080000000000000,{555908d1-a6d7-4695-8e1e-26931d2012f4},4,System,0,"""The start type of the Background Intelligent Transfer Service service was changed from demand start to auto start.""",0,2025-11-14T11:41:43.6853137Z,2235,2692,DESKTOP-MHRV979,0,572,INFORMATION,Service Control Manager, , , , , , , , ,auto start,BITS,Background Intelligent Transfer Service,demand start,"[""164.312.b""]",This does not appear to be logged on Windows 2000, , , , , , , , , , , , , , , , , , , , , , , , , , , , , , , , , , , , , , , , , , , , , 
wazuh-alerts-4.x-2025.11.14,ENbkgJoBBFAMeJ5sOPjS,1,1,192.168.0.216,DESKTOP-MHRV979,001,Ubuntu, , , , , , , , , , , , , ,1,false,5, , , ,Windows System error event,"[""windows"",""windows_system"",""system_error""]",61102, , ,"[""IV_35.7.d""]",windows_eventchannel,log,"Nov 13, 2025 @ 23:43:45.229",EventChannel,1763099025.101125,"Nov 13, 2025 @ 23:43:45.229", ,1801, ,0x8000000000000000,{7d5387b0-cbe0-11da-a94d-0800200c9a66},2,System,0,"""Secure Boot CA/keys need to be updated. This device signature information is included here.
DeviceAttributes: BaseBoardManufacturer:;FirmwareManufacturer:;FirmwareVersion:;OEMModelNumber:VirtualBox;OEMModelBaseBoard:;OEMModelSystemFamily:;OEMManufacturerName:innotek GmbH;OEMModelSKU:;OSArchitecture:amd64;
BucketId: b3505d1a9b743dca12c6f738fbc9cddc334820127646250a334f0be309937214
BucketConfidenceLevel: 
UpdateType: 0
HResult: The operation completed successfully.""",0,2025-11-14T11:43:42.9117724Z,2236,3376,DESKTOP-MHRV979,0,4724,ERROR,Microsoft-Windows-TPM-WMI, , , , , , , , , , , , , , ,b3505d1a9b743dca12c6f738fbc9cddc334820127646250a334f0be309937214,BaseBoardManufacturer:;FirmwareManufacturer:;FirmwareVersion:;OEMModelNumber:VirtualBox;OEMModelBaseBoard:;OEMModelSystemFamily:;OEMManufacturerName:innotek GmbH;OEMModelSKU:;OSArchitecture:amd64;,0,0,"[""4.3""]", , , , , , , , , , , , , , , , , , , , , , , , , , , , , , , , , , , , , , , , 
wazuh-alerts-4.x-2025.11.14,DNbhgJoBBFAMeJ5sBPgt,1,1,192.168.0.216,DESKTOP-MHRV979,001,Ubuntu, , , , , , , , , , , , , ,2,false,3, , , ,Software protection service scheduled successfully.,"[""windows"",""windows_application""]",60642, , , ,windows_eventchannel,log,"Nov 13, 2025 @ 23:40:19.483",EventChannel,1763098819.94516,"Nov 13, 2025 @ 23:40:19.483","2025-11-15T11:39:18Z, RulesEngine",16384,Software Protection Platform Service,0x80000000000000,{E23B33B0-C8C9-472C-A5F9-F2BDFEA0F156},4,Application,0,"""Successfully scheduled Software Protection service for re-start at 2025-11-15T11:39:18Z. Reason: RulesEngine.""",0,2025-11-14T11:40:18.1856476Z,2162,0,DESKTOP-MHRV979,0,0,INFORMATION,Microsoft-Windows-Security-SPP, , , , , , , , , , , , , , , , , , , , , , , , , , , , , , , , , , , , , , , , , , , , , , , , , , , , , , , , , , , 
wazuh-alerts-4.x-2025.11.15,Lqa9hZoBXqcgaO8heGwK,1,1,192.168.0.216,DESKTOP-MHRV979,001,Ubuntu, , , , , , , , , , , , , ,1,false,3, , , ,Software protection service scheduled successfully.,"[""windows"",""windows_application""]",60642, , , ,windows_eventchannel,log,"Nov 14, 2025 @ 22:19:30.945",EventChannel,1763180370.196357,"Nov 14, 2025 @ 22:19:30.945","2025-11-16T09:15:30Z, RulesEngine",16384,Software Protection Platform Service,0x80000000000000,{E23B33B0-C8C9-472C-A5F9-F2BDFEA0F156},4,Application,0,"""Successfully scheduled Software Protection service for re-start at 2025-11-16T09:15:30Z. Reason: RulesEngine.""",0,2025-11-15T04:19:30.9246822Z,2266,0,DESKTOP-MHRV979,0,0,INFORMATION,Microsoft-Windows-Security-SPP, , , , , , , , , , , , , , , , , , , , , , , , , , , , , , , , , , , , , , , , , , , , , , , , , , , , , , , , , , , 
wazuh-alerts-4.x-2025.11.15,Jaa0hZoBXqcgaO8hFGzU,1,1,192.168.0.216,DESKTOP-MHRV979,001,Ubuntu, , , , , , , , , , , , , ,1,false,3,"[""10.6""]","[""CC6.1"",""CC6.8"",""CC7.2"",""CC7.3""]", ,Service startup type was changed,"[""windows"",""windows_system"",""policy_changed""]",61104, ,"[""AU.6""]","[""IV_35.7.d""]",windows_eventchannel,log,"Nov 14, 2025 @ 22:09:15.623",EventChannel,1763179755.190159,"Nov 14, 2025 @ 22:09:15.623", ,7040,Service Control Manager,0x8080000000000000,{555908d1-a6d7-4695-8e1e-26931d2012f4},4,System,0,"""The start type of the Background Intelligent Transfer Service service was changed from demand start to auto start.""",0,2025-11-15T04:09:14.6468809Z,2381,1196,DESKTOP-MHRV979,0,588,INFORMATION,Service Control Manager, , , , , , , , ,auto start,BITS,Background Intelligent Transfer Service,demand start,"[""164.312.b""]",This does not appear to be logged on Windows 2000, , , , , , , , , , , , , , , , , , , , , , , , , , , , , , , , , , , , , , , , , , , , , 
wazuh-alerts-4.x-2025.11.15,HaamhZoBXqcgaO8hf2zB,1,1,192.168.0.216,DESKTOP-MHRV979,001,Ubuntu, , , , , , , , , , , , , ,6,false,3,"[""10.6""]","[""CC6.1"",""CC6.8"",""CC7.2"",""CC7.3""]", ,Service startup type was changed,"[""windows"",""windows_system"",""policy_changed""]",61104, ,"[""AU.6""]","[""IV_35.7.d""]",windows_eventchannel,log,"Nov 14, 2025 @ 21:54:24.977",EventChannel,1763178864.188328,"Nov 14, 2025 @ 21:54:24.977", ,7040,Service Control Manager,0x8080000000000000,{555908d1-a6d7-4695-8e1e-26931d2012f4},4,System,0,"""The start type of the Background Intelligent Transfer Service service was changed from auto start to demand start.""",0,2025-11-15T03:54:23.9813217Z,2380,8064,DESKTOP-MHRV979,0,588,INFORMATION,Service Control Manager, , , , , , , , ,demand start,BITS,Background Intelligent Transfer Service,auto start,"[""164.312.b""]",This does not appear to be logged on Windows 2000, , , , , , , , , , , , , , , , , , , , , , , , , , , , , , , , , , , , , , , , , , , , , 
wazuh-alerts-4.x-2025.11.15,HKalhZoBXqcgaO8hz2zz,1,1,192.168.0.216,DESKTOP-MHRV979,001,Ubuntu, , , , , , , , , , , , , ,6,false,3, , , ,Software protection service scheduled successfully.,"[""windows"",""windows_application""]",60642, , , ,windows_eventchannel,log,"Nov 14, 2025 @ 21:53:44.013",EventChannel,1763178824.186734,"Nov 14, 2025 @ 21:53:44.013","2025-11-16T09:15:44Z, RulesEngine",16384,Software Protection Platform Service,0x80000000000000,{E23B33B0-C8C9-472C-A5F9-F2BDFEA0F156},4,Application,0,"""Successfully scheduled Software Protection service for re-start at 2025-11-16T09:15:44Z. Reason: RulesEngine.""",0,2025-11-15T03:53:44.0125814Z,2263,0,DESKTOP-MHRV979,0,0,INFORMATION,Microsoft-Windows-Security-SPP, , , , , , , , , , , , , , , , , , , , , , , , , , , , , , , , , , , , , , , , , , , , , , , , , , , , , , , , , , , 
wazuh-alerts-4.x-2025.11.15,GaahhZoBXqcgaO8h62x0,1,1,192.168.0.216,DESKTOP-MHRV979,001,Ubuntu,89566552, , , , , , , , , , ,summary,CIS Microsoft Windows 10 Enterprise Benchmark v1.12.0,2,false,7,"[""2.2""]","[""CC7.1"",""CC7.2""]", ,SCA summary: CIS Microsoft Windows 10 Enterprise Benchmark v1.12.0: Score less than 50% (32),"[""sca""]",19004, ,"[""CM.1""]","[""IV_35.7.d""]",sca,log,"Nov 14, 2025 @ 21:49:20.939",sca,1763178560.185384,"Nov 14, 2025 @ 21:49:20.939", , , , , , , , , , , , , , , , , , , , , , , , , , , , , , , , , , , , , ,32,394,cis_win10_enterprise.yml,cis_win10_enterprise,4,This document provides prescriptive guidance for establishing a secure configuration posture for Microsoft Windows 10 Enterprise.,127,263, , , , , , , , , , , , , , , , , , , , , , , , , , , , , , , , 
wazuh-alerts-4.x-2025.11.15,D6afhZoBXqcgaO8hXmy3,1,1,192.168.0.216,DESKTOP-MHRV979,001,Ubuntu, , , , , , , , , , , , , ,4,false,3,"[""10.2.5""]","[""CC6.8"",""CC7.2"",""CC7.3""]", ,Windows Workstation Logon Success,"[""windows"",""windows_security"",""authentication_success""]",60118, ,"[""AU.14"",""AC.9""]","[""IV_32.2""]",windows_eventchannel,log,"Nov 14, 2025 @ 21:46:43.810",EventChannel,1763178403.156082,"Nov 14, 2025 @ 21:46:43.810", ,4624, ,0x8020000000000000,{54849625-5478-4994-a5ba-3e3b0328c30d},0,Security,0,"""An account was successfully logged on.

Subject:
	Security ID:		S-1-5-18
	Account Name:		DESKTOP-MHRV979$
	Account Domain:		WORKGROUP
	Logon ID:		0x3E7

Logon Information:
	Logon Type:		2
	Restricted Admin Mode:	-
	Virtual Account:		No
	Elevated Token:		No

Impersonation Level:		Impersonation

New Logon:
	Security ID:		S-1-5-21-355707830-1189791961-1431070526-1002
	Account Name:		Chris
	Account Domain:		DESKTOP-MHRV979
	Logon ID:		0x46E5B1
	Linked Logon ID:		0x46E592
	Network Account Name:	-
	Network Account Domain:	-
	Logon GUID:		{00000000-0000-0000-0000-000000000000}

Process Information:
	Process ID:		0x3dc
	Process Name:		C:\Windows\System32\svchost.exe

Network Information:
	Workstation Name:	DESKTOP-MHRV979
	Source Network Address:	127.0.0.1
	Source Port:		0

Detailed Authentication Information:
	Logon Process:		User32 
	Authentication Package:	Negotiate
	Transited Services:	-
	Package Name (NTLM only):	-
	Key Length:		0

This event is generated when a logon session is created. It is generated on the computer that was accessed.

The subject fields indicate the account on the local system which requested the logon. This is most commonly a service such as the Server service, or a local process such as Winlogon.exe or Services.exe.

The logon type field indicates the kind of logon that occurred. The most common types are 2 (interactive) and 3 (network).

The New Logon fields indicate the account for whom the new logon was created, i.e. the account that was logged on.

The network fields indicate where a remote logon request originated. Workstation name is not always available and may be left blank in some cases.

The impersonation level field indicates the extent to which a process in the logon session can impersonate.

The authentication information fields provide detailed information about this specific logon request.
	- Logon GUID is a unique identifier that can be used to correlate this event with a KDC event.
	- Transited services indicate which intermediate services have participated in this logon request.
	- Package name indicates which sub-protocol was used among the NTLM protocols.
	- Key length indicates the length of the generated session key. This will be 0 if no session key was requested.""",2,2025-11-15T03:46:42.7744772Z,37285,668,DESKTOP-MHRV979,12544,596,AUDIT_SUCCESS,Microsoft-Windows-Security-Auditing,0x3e7,S-1-5-18,WORKGROUP, ,DESKTOP-MHRV979$,"[""Valid Accounts""]","[""T1078""]","[""Defense Evasion"",""Persistence"",""Privilege Escalation"",""Initial Access""]", , , , ,"[""164.312.b""]", , , , , ,"[""7.1"",""7.2""]", , , , , , , , , , , , , ,0x46e592,%%1833,127.0.0.1,Negotiate,DESKTOP-MHRV979,0x46e5b1,User32,{00000000-0000-0000-0000-000000000000},Chris,0,%%1843,0x3dc,C:\\Windows\\System32\\svchost.exe,0,DESKTOP-MHRV979,S-1-5-21-355707830-1189791961-1431070526-1002,%%1843,2, , , , , , , , , 
wazuh-alerts-4.x-2025.11.15,uaaDhZoBXqcgaO8hRmv7,1,1,192.168.0.216,DESKTOP-MHRV979,001,Ubuntu, , , , , , , , , , , , , ,1,false,3,"[""10.2.5""]","[""CC6.8"",""CC7.2"",""CC7.3""]", ,Windows Workstation Logon Success,"[""windows"",""windows_security"",""authentication_success""]",60118, ,"[""AU.14"",""AC.9""]","[""IV_32.2""]",windows_eventchannel,log,"Nov 14, 2025 @ 21:16:02.288",EventChannel,1763176562.10938,"Nov 14, 2025 @ 21:16:02.288", ,4624, ,0x8020000000000000,{54849625-5478-4994-a5ba-3e3b0328c30d},0,Security,0,"""An account was successfully logged on.

Subject:
	Security ID:		S-1-5-18
	Account Name:		DESKTOP-MHRV979$
	Account Domain:		WORKGROUP
	Logon ID:		0x3E7

Logon Information:
	Logon Type:		2
	Restricted Admin Mode:	-
	Virtual Account:		No
	Elevated Token:		Yes

Impersonation Level:		Impersonation

New Logon:
	Security ID:		S-1-5-21-355707830-1189791961-1431070526-1002
	Account Name:		Chris
	Account Domain:		DESKTOP-MHRV979
	Logon ID:		0x690D1
	Linked Logon ID:		0x690FD
	Network Account Name:	-
	Network Account Domain:	-
	Logon GUID:		{00000000-0000-0000-0000-000000000000}

Process Information:
	Process ID:		0x3dc
	Process Name:		C:\Windows\System32\svchost.exe

Network Information:
	Workstation Name:	DESKTOP-MHRV979
	Source Network Address:	127.0.0.1
	Source Port:		0

Detailed Authentication Information:
	Logon Process:		User32 
	Authentication Package:	Negotiate
	Transited Services:	-
	Package Name (NTLM only):	-
	Key Length:		0

This event is generated when a logon session is created. It is generated on the computer that was accessed.

The subject fields indicate the account on the local system which requested the logon. This is most commonly a service such as the Server service, or a local process such as Winlogon.exe or Services.exe.

The logon type field indicates the kind of logon that occurred. The most common types are 2 (interactive) and 3 (network).

The New Logon fields indicate the account for whom the new logon was created, i.e. the account that was logged on.

The network fields indicate where a remote logon request originated. Workstation name is not always available and may be left blank in some cases.

The impersonation level field indicates the extent to which a process in the logon session can impersonate.

The authentication information fields provide detailed information about this specific logon request.
	- Logon GUID is a unique identifier that can be used to correlate this event with a KDC event.
	- Transited services indicate which intermediate services have participated in this logon request.
	- Package name indicates which sub-protocol was used among the NTLM protocols.
	- Key length indicates the length of the generated session key. This will be 0 if no session key was requested.""",2,2025-11-15T09:15:44.5663853Z,37088,672,DESKTOP-MHRV979,12544,596,AUDIT_SUCCESS,Microsoft-Windows-Security-Auditing,0x3e7,S-1-5-18,WORKGROUP, ,DESKTOP-MHRV979$,"[""Valid Accounts""]","[""T1078""]","[""Defense Evasion"",""Persistence"",""Privilege Escalation"",""Initial Access""]", , , , ,"[""164.312.b""]", , , , , ,"[""7.1"",""7.2""]", , , , , , , , , , , , , ,0x690fd,%%1833,127.0.0.1,Negotiate,DESKTOP-MHRV979,0x690d1,User32,{00000000-0000-0000-0000-000000000000},Chris,0,%%1842,0x3dc,C:\\Windows\\System32\\svchost.exe,0,DESKTOP-MHRV979,S-1-5-21-355707830-1189791961-1431070526-1002,%%1843,2, , , , , , , , , 
wazuh-alerts-4.x-2025.11.15,CqafhZoBXqcgaO8hN2yV,1,1,192.168.0.216,DESKTOP-MHRV979,001,Ubuntu, , , , , , , , , , , , , ,3,false,5,"[""10.2.4"",""10.2.5""]","[""CC6.1"",""CC6.8"",""CC7.2"",""CC7.3""]", ,Logon Failure - Unknown user or bad password,"[""windows"",""windows_security"",""authentication_failed""]",60122, ,"[""AU.14"",""AC.7""]","[""IV_35.7.d"",""IV_32.2""]",windows_eventchannel,log,"Nov 14, 2025 @ 21:46:33.250",EventChannel,1763178393.126624,"Nov 14, 2025 @ 21:46:33.250", ,4625, ,0x8010000000000000,{54849625-5478-4994-a5ba-3e3b0328c30d},0,Security,0,"""An account failed to log on.

Subject:
	Security ID:		S-1-5-18
	Account Name:		DESKTOP-MHRV979$
	Account Domain:		WORKGROUP
	Logon ID:		0x3E7

Logon Type:			2

Account For Which Logon Failed:
	Security ID:		S-1-0-0
	Account Name:		Chris
	Account Domain:		DESKTOP-MHRV979

Failure Information:
	Failure Reason:		Unknown user name or bad password.
	Status:			0xC000006D
	Sub Status:		0xC000006A

Process Information:
	Caller Process ID:	0x3dc
	Caller Process Name:	C:\Windows\System32\svchost.exe

Network Information:
	Workstation Name:	DESKTOP-MHRV979
	Source Network Address:	127.0.0.1
	Source Port:		0

Detailed Authentication Information:
	Logon Process:		User32 
	Authentication Package:	Negotiate
	Transited Services:	-
	Package Name (NTLM only):	-
	Key Length:		0

This event is generated when a logon request fails. It is generated on the computer where access was attempted.

The Subject fields indicate the account on the local system which requested the logon. This is most commonly a service such as the Server service, or a local process such as Winlogon.exe or Services.exe.

The Logon Type field indicates the kind of logon that was requested. The most common types are 2 (interactive) and 3 (network).

The Process Information fields indicate which account and process on the system requested the logon.

The Network Information fields indicate where a remote logon request originated. Workstation name is not always available and may be left blank in some cases.

The authentication information fields provide detailed information about this specific logon request.
	- Transited services indicate which intermediate services have participated in this logon request.
	- Package name indicates which sub-protocol was used among the NTLM protocols.
	- Key length indicates the length of the generated session key. This will be 0 if no session key was requested.""",0,2025-11-15T03:46:32.2754858Z,37280,616,DESKTOP-MHRV979,12544,596,AUDIT_FAILURE,Microsoft-Windows-Security-Auditing,0x3e7,S-1-5-18,WORKGROUP, ,DESKTOP-MHRV979$,"[""Account Access Removal""]","[""T1531""]","[""Impact""]", , , , ,"[""164.312.b""]", , , , , ,"[""7.1""]", , , , , , , , , , , , , , , ,127.0.0.1,Negotiate,DESKTOP-MHRV979, ,User32, ,Chris,0, ,0x3dc,C:\\Windows\\System32\\svchost.exe,0,DESKTOP-MHRV979,S-1-0-0, ,2,0xc000006a,%%2313,0xc000006d, , , , , , 
wazuh-alerts-4.x-2025.11.15,C6afhZoBXqcgaO8hQ2xT,1,1,192.168.0.216,DESKTOP-MHRV979,001,Ubuntu, , , , , , , , , , , , , ,4,false,5,"[""10.2.4"",""10.2.5""]","[""CC6.1"",""CC6.8"",""CC7.2"",""CC7.3""]", ,Logon Failure - Unknown user or bad password,"[""windows"",""windows_security"",""authentication_failed""]",60122, ,"[""AU.14"",""AC.7""]","[""IV_35.7.d"",""IV_32.2""]",windows_eventchannel,log,"Nov 14, 2025 @ 21:46:35.975",EventChannel,1763178395.133254,"Nov 14, 2025 @ 21:46:35.975", ,4625, ,0x8010000000000000,{54849625-5478-4994-a5ba-3e3b0328c30d},0,Security,0,"""An account failed to log on.

Subject:
	Security ID:		S-1-5-18
	Account Name:		DESKTOP-MHRV979$
	Account Domain:		WORKGROUP
	Logon ID:		0x3E7

Logon Type:			2

Account For Which Logon Failed:
	Security ID:		S-1-0-0
	Account Name:		Chris
	Account Domain:		DESKTOP-MHRV979

Failure Information:
	Failure Reason:		Unknown user name or bad password.
	Status:			0xC000006D
	Sub Status:		0xC000006A

Process Information:
	Caller Process ID:	0x3dc
	Caller Process Name:	C:\Windows\System32\svchost.exe

Network Information:
	Workstation Name:	DESKTOP-MHRV979
	Source Network Address:	127.0.0.1
	Source Port:		0

Detailed Authentication Information:
	Logon Process:		User32 
	Authentication Package:	Negotiate
	Transited Services:	-
	Package Name (NTLM only):	-
	Key Length:		0

This event is generated when a logon request fails. It is generated on the computer where access was attempted.

The Subject fields indicate the account on the local system which requested the logon. This is most commonly a service such as the Server service, or a local process such as Winlogon.exe or Services.exe.

The Logon Type field indicates the kind of logon that was requested. The most common types are 2 (interactive) and 3 (network).

The Process Information fields indicate which account and process on the system requested the logon.

The Network Information fields indicate where a remote logon request originated. Workstation name is not always available and may be left blank in some cases.

The authentication information fields provide detailed information about this specific logon request.
	- Transited services indicate which intermediate services have participated in this logon request.
	- Package name indicates which sub-protocol was used among the NTLM protocols.
	- Key length indicates the length of the generated session key. This will be 0 if no session key was requested.""",0,2025-11-15T03:46:34.9799756Z,37281,616,DESKTOP-MHRV979,12544,596,AUDIT_FAILURE,Microsoft-Windows-Security-Auditing,0x3e7,S-1-5-18,WORKGROUP, ,DESKTOP-MHRV979$,"[""Account Access Removal""]","[""T1531""]","[""Impact""]", , , , ,"[""164.312.b""]", , , , , ,"[""7.1""]", , , , , , , , , , , , , , , ,127.0.0.1,Negotiate,DESKTOP-MHRV979, ,User32, ,Chris,0, ,0x3dc,C:\\Windows\\System32\\svchost.exe,0,DESKTOP-MHRV979,S-1-0-0, ,2,0xc000006a,%%2313,0xc000006d, , , , , , 
wazuh-alerts-4.x-2025.11.15,DKafhZoBXqcgaO8hT2wL,1,1,192.168.0.216,DESKTOP-MHRV979,001,Ubuntu, , , , , , , , , , , , , ,5,false,5,"[""10.2.4"",""10.2.5""]","[""CC6.1"",""CC6.8"",""CC7.2"",""CC7.3""]", ,Logon Failure - Unknown user or bad password,"[""windows"",""windows_security"",""authentication_failed""]",60122, ,"[""AU.14"",""AC.7""]","[""IV_35.7.d"",""IV_32.2""]",windows_eventchannel,log,"Nov 14, 2025 @ 21:46:39.274",EventChannel,1763178399.139884,"Nov 14, 2025 @ 21:46:39.274", ,4625, ,0x8010000000000000,{54849625-5478-4994-a5ba-3e3b0328c30d},0,Security,0,"""An account failed to log on.

Subject:
	Security ID:		S-1-5-18
	Account Name:		DESKTOP-MHRV979$
	Account Domain:		WORKGROUP
	Logon ID:		0x3E7

Logon Type:			2

Account For Which Logon Failed:
	Security ID:		S-1-0-0
	Account Name:		Chris
	Account Domain:		DESKTOP-MHRV979

Failure Information:
	Failure Reason:		Unknown user name or bad password.
	Status:			0xC000006D
	Sub Status:		0xC000006A

Process Information:
	Caller Process ID:	0x3dc
	Caller Process Name:	C:\Windows\System32\svchost.exe

Network Information:
	Workstation Name:	DESKTOP-MHRV979
	Source Network Address:	127.0.0.1
	Source Port:		0

Detailed Authentication Information:
	Logon Process:		User32 
	Authentication Package:	Negotiate
	Transited Services:	-
	Package Name (NTLM only):	-
	Key Length:		0

This event is generated when a logon request fails. It is generated on the computer where access was attempted.

The Subject fields indicate the account on the local system which requested the logon. This is most commonly a service such as the Server service, or a local process such as Winlogon.exe or Services.exe.

The Logon Type field indicates the kind of logon that was requested. The most common types are 2 (interactive) and 3 (network).

The Process Information fields indicate which account and process on the system requested the logon.

The Network Information fields indicate where a remote logon request originated. Workstation name is not always available and may be left blank in some cases.

The authentication information fields provide detailed information about this specific logon request.
	- Transited services indicate which intermediate services have participated in this logon request.
	- Package name indicates which sub-protocol was used among the NTLM protocols.
	- Key length indicates the length of the generated session key. This will be 0 if no session key was requested.""",0,2025-11-15T03:46:38.2549745Z,37282,668,DESKTOP-MHRV979,12544,596,AUDIT_FAILURE,Microsoft-Windows-Security-Auditing,0x3e7,S-1-5-18,WORKGROUP, ,DESKTOP-MHRV979$,"[""Account Access Removal""]","[""T1531""]","[""Impact""]", , , , ,"[""164.312.b""]", , , , , ,"[""7.1""]", , , , , , , , , , , , , , , ,127.0.0.1,Negotiate,DESKTOP-MHRV979, ,User32, ,Chris,0, ,0x3dc,C:\\Windows\\System32\\svchost.exe,0,DESKTOP-MHRV979,S-1-0-0, ,2,0xc000006a,%%2313,0xc000006d, , , , , , 
